Сборка начата 22.10.2015 14:43:46.
     1>Проект "D:\Универ\Работы\Visual Studio\2 курс\Git5\Лабораторная работа №2\Лабораторная работа №2\Лабораторная работа №2.vcxproj" в узле 2 (целевые объекты Build).
     1>ClCompile:
         C:\Program Files (x86)\Microsoft Visual Studio 12.0\VC\bin\CL.exe /c /ZI /nologo /W3 /WX- /Od /Oy- /D WIN32 /D _DEBUG /D _CONSOLE /D _LIB /D _UNICODE /D UNICODE /Gm /EHsc /RTC1 /MDd /GS /fp:precise /Zc:wchar_t /Zc:forScope /Fo"Debug\\" /Fd"Debug\vc120.pdb" /Gd /TP /analyze- /errorReport:prompt InterfaceSoftwareTool.cpp istController.cpp main.cpp
         InterfaceSoftwareTool.cpp
         Создание кода...
         Пропуск... (изменения не обнаружены)
         main.cpp
         istController.cpp
       Link:
         C:\Program Files (x86)\Microsoft Visual Studio 12.0\VC\bin\link.exe /ERRORREPORT:PROMPT /OUT:"D:\Универ\Работы\Visual Studio\2 курс\Git5\Лабораторная работа №2\Debug\Лабораторная работа №2.exe" /INCREMENTAL /NOLOGO kernel32.lib user32.lib gdi32.lib winspool.lib comdlg32.lib advapi32.lib shell32.lib ole32.lib oleaut32.lib uuid.lib odbc32.lib odbccp32.lib /MANIFEST /MANIFESTUAC:"level='asInvoker' uiAccess='false'" /manifest:embed /DEBUG /PDB:"D:\Универ\Работы\Visual Studio\2 курс\Git5\Лабораторная работа №2\Debug\Лабораторная работа №2.pdb" /SUBSYSTEM:CONSOLE /TLBID:1 /DYNAMICBASE /NXCOMPAT /IMPLIB:"D:\Универ\Работы\Visual Studio\2 курс\Git5\Лабораторная работа №2\Debug\Лабораторная работа №2.lib" /MACHINE:X86 Debug\button.obj
         Debug\controlElement.obj
         Debug\controlElementEmp.obj
         Debug\figure.obj
         Debug\InterfaceSoftwareTool.obj
         Debug\istController.obj
         Debug\main.obj
         Debug\rectangle.obj
         Debug\textBox.obj
         Debug\viewer.obj
         Debug\window.obj
         Лабораторная работа №2.vcxproj -> D:\Универ\Работы\Visual Studio\2 курс\Git5\Лабораторная работа №2\Debug\Лабораторная работа №2.exe
     1>Сборка проекта "D:\Универ\Работы\Visual Studio\2 курс\Git5\Лабораторная работа №2\Лабораторная работа №2\Лабораторная работа №2.vcxproj" завершена (целевые объекты Build).

Сборка успешно завершена.

Затраченное время: 00:00:01.04
