Сборка начата 01.10.2015 18:40:17.
     1>Проект "D:\Универ\Работы\Visual Studio\2 курс\Лабораторная работа №2\Лабораторная работа №2\Лабораторная работа №2.vcxproj" в узле 2 (целевые объекты Build).
     1>ClCompile:
         C:\Program Files (x86)\Microsoft Visual Studio 12.0\VC\bin\CL.exe /c /Zi /nologo /W3 /WX- /O2 /Oi /Oy- /GL /D WIN32 /D NDEBUG /D _CONSOLE /D _LIB /D _UNICODE /D UNICODE /Gm- /EHsc /MD /GS /Gy /fp:precise /Zc:wchar_t /Zc:forScope /Fo"Release\\" /Fd"Release\vc120.pdb" /Gd /TP /analyze- /errorReport:prompt button.cpp controlElement.cpp figure.cpp main.cpp rectangle.cpp textBox.cpp viewer.cpp window.cpp
         button.cpp
         controlElement.cpp
         figure.cpp
         main.cpp
         rectangle.cpp
         textBox.cpp
         viewer.cpp
         window.cpp
       Link:
         C:\Program Files (x86)\Microsoft Visual Studio 12.0\VC\bin\link.exe /ERRORREPORT:PROMPT /OUT:"D:\Универ\Работы\Visual Studio\2 курс\Лабораторная работа №2\Release\Лабораторная работа №2.exe" /INCREMENTAL:NO /NOLOGO kernel32.lib user32.lib gdi32.lib winspool.lib comdlg32.lib advapi32.lib shell32.lib ole32.lib oleaut32.lib uuid.lib odbc32.lib odbccp32.lib /MANIFEST /MANIFESTUAC:"level='asInvoker' uiAccess='false'" /manifest:embed /DEBUG /PDB:"D:\Универ\Работы\Visual Studio\2 курс\Лабораторная работа №2\Release\Лабораторная работа №2.pdb" /SUBSYSTEM:CONSOLE /OPT:REF /OPT:ICF /LTCG /TLBID:1 /DYNAMICBASE /NXCOMPAT /IMPLIB:"D:\Универ\Работы\Visual Studio\2 курс\Лабораторная работа №2\Release\Лабораторная работа №2.lib" /MACHINE:X86 /SAFESEH Release\button.obj
         Release\controlElement.obj
         Release\figure.obj
         Release\main.obj
         Release\rectangle.obj
         Release\textBox.obj
         Release\viewer.obj
         Release\window.obj
     1>window.obj : error LNK2005: "public: __thiscall Window::~Window(void)" (??1Window@@QAE@XZ) уже определен в viewer.obj
     1>window.obj : error LNK2005: "public: __thiscall Window::Window(bool)" (??0Window@@QAE@_N@Z) уже определен в viewer.obj
     1>D:\Универ\Работы\Visual Studio\2 курс\Лабораторная работа №2\Release\Лабораторная работа №2.exe : fatal error LNK1169: обнаружен многократно определенный символ - один или более
     1>Сборка проекта "D:\Универ\Работы\Visual Studio\2 курс\Лабораторная работа №2\Лабораторная работа №2\Лабораторная работа №2.vcxproj" завершена (целевые объекты Build) с ошибкой.

Ошибка сборки.

Затраченное время: 00:00:03.17
